<?xml version="1.0" encoding="UTF-8"?>
<!-- Generated by org.testng.reporters.JUnitReportReporter -->
<testsuite skipped="0" hostname="bridgelabz" name="com.bridgelabz.facebook.test.TestFacebook" tests="1" failures="0" timestamp="2020-06-16T12:29:52 IST" time="61.405" errors="0">
  <testcase name="testAutomatingFacebookLoginAndLogout" time="61.405" classname="com.bridgelabz.facebook.test.TestFacebook"/>
</testsuite> <!-- com.bridgelabz.facebook.test.TestFacebook -->
