<?xml version="1.0" encoding="UTF-8"?>
<!-- Generated by org.testng.reporters.JUnitReportReporter -->
<testsuite skipped="0" hostname="bridgelabz" name="com.bridgelabz.facebook.test.TestFacebook" tests="1" failures="0" timestamp="2020-06-16T12:09:38 IST" time="53.255" errors="0">
  <testcase name="testAutomatingFacebookLoginAndLogout" time="53.255" classname="com.bridgelabz.facebook.test.TestFacebook"/>
</testsuite> <!-- com.bridgelabz.facebook.test.TestFacebook -->
